2020-04-09 16:56:57,803 909    [er-12: Building] WARN  nternal.embedder.EclipseLogger  - Using platform encoding (MS950 actually) to copy filtered resources, i.e. build is platform dependent!
2020-04-09 16:56:57,854 960    [er-12: Building] WARN  nternal.embedder.EclipseLogger  - Using platform encoding (MS950 actually) to copy filtered resources, i.e. build is platform dependent!
2020-04-09 17:02:12,446 315552 [er-21: Building] WARN  nternal.embedder.EclipseLogger  - Using platform encoding (MS950 actually) to copy filtered resources, i.e. build is platform dependent!
2020-04-09 17:02:12,449 315555 [er-21: Building] WARN  nternal.embedder.EclipseLogger  - Using platform encoding (MS950 actually) to copy filtered resources, i.e. build is platform dependent!
2020-04-09 20:54:46,874 25003  [lcome Dashboard] WARN  re.templates.TemplateProcessor  - May have failed to replace token 		//window.ide 'dummy'. Replaced/injected later by STS browser integration.
2020-04-09 20:54:47,160 25289  [lcome Dashboard] WARN  re.templates.TemplateProcessor  - May have failed to replace token 		//The dummy helps preview/test the page in an external browser.
2020-04-09 20:56:21,002 119131 [           main] ERROR al.launch.MavenExternalRuntime  - Could not parse classwords configuration file
java.io.FileNotFoundException: C:\DataSource\apache-maven-3.6.3\bin\m2.conf (系統找不到指定的路徑。)
	at java.io.FileInputStream.open0(Native Method)
	at java.io.FileInputStream.open(Unknown Source)
	at java.io.FileInputStream.<init>(Unknown Source)
	at org.eclipse.m2e.core.internal.launch.MavenExternalRuntime.getVersion0(MavenExternalRuntime.java:233)
	at org.eclipse.m2e.core.internal.launch.MavenExternalRuntime.getVersion(MavenExternalRuntime.java:192)
	at org.eclipse.m2e.core.internal.launch.MavenExternalRuntime.toString(MavenExternalRuntime.java:161)
	at org.eclipse.m2e.core.ui.internal.preferences.launch.MavenInstallationsPreferencePage$RuntimesLabelProvider.getColumnText(MavenInstallationsPreferencePage.java:305)
	at org.eclipse.jface.viewers.TableColumnViewerLabelProvider.update(TableColumnViewerLabelProvider.java:69)
	at org.eclipse.jface.viewers.ViewerColumn.refresh(ViewerColumn.java:144)
	at org.eclipse.jface.viewers.AbstractTableViewer.doUpdateItem(AbstractTableViewer.java:396)
	at org.eclipse.jface.viewers.CheckboxTableViewer.doUpdateItem(CheckboxTableViewer.java:173)
	at org.eclipse.jface.viewers.StructuredViewer$UpdateItemSafeRunnable.run(StructuredViewer.java:422)
	at org.eclipse.core.runtime.SafeRunner.run(SafeRunner.java:45)
	at org.eclipse.ui.internal.JFaceUtil.lambda$0(JFaceUtil.java:47)
	at org.eclipse.jface.util.SafeRunnable.run(SafeRunnable.java:174)
	at org.eclipse.jface.viewers.StructuredViewer.updateItem(StructuredViewer.java:2102)
	at org.eclipse.jface.viewers.AbstractTableViewer.createItem(AbstractTableViewer.java:288)
	at org.eclipse.jface.viewers.AbstractTableViewer.internalRefreshAll(AbstractTableViewer.java:726)
	at org.eclipse.jface.viewers.AbstractTableViewer.internalRefresh(AbstractTableViewer.java:618)
	at org.eclipse.jface.viewers.AbstractTableViewer.internalRefresh(AbstractTableViewer.java:610)
	at org.eclipse.jface.viewers.AbstractTableViewer.lambda$0(AbstractTableViewer.java:572)
	at org.eclipse.jface.viewers.StructuredViewer.preservingSelection(StructuredViewer.java:1393)
	at org.eclipse.jface.viewers.StructuredViewer.preservingSelection(StructuredViewer.java:1354)
	at org.eclipse.jface.viewers.CheckboxTableViewer.preservingSelection(CheckboxTableViewer.java:343)
	at org.eclipse.jface.viewers.AbstractTableViewer.inputChanged(AbstractTableViewer.java:572)
	at org.eclipse.jface.viewers.ContentViewer.setInput(ContentViewer.java:282)
	at org.eclipse.jface.viewers.StructuredViewer.setInput(StructuredViewer.java:1627)
	at org.eclipse.m2e.core.ui.internal.preferences.launch.MavenInstallationsPreferencePage.createContents(MavenInstallationsPreferencePage.java:128)
	at org.eclipse.jface.preference.PreferencePage.createControl(PreferencePage.java:244)
	at org.eclipse.jface.preference.PreferenceDialog.createPageControl(PreferenceDialog.java:1430)
	at org.eclipse.jface.preference.PreferenceDialog$8.run(PreferenceDialog.java:1197)
	at org.eclipse.core.runtime.SafeRunner.run(SafeRunner.java:45)
	at org.eclipse.ui.internal.JFaceUtil.lambda$0(JFaceUtil.java:47)
	at org.eclipse.jface.util.SafeRunnable.run(SafeRunnable.java:174)
	at org.eclipse.jface.preference.PreferenceDialog.showPage(PreferenceDialog.java:1189)
	at org.eclipse.ui.internal.dialogs.FilteredPreferenceDialog.showPage(FilteredPreferenceDialog.java:630)
	at org.eclipse.jface.preference.PreferenceDialog$5.lambda$0(PreferenceDialog.java:661)
	at org.eclipse.swt.custom.BusyIndicator.showWhile(BusyIndicator.java:72)
	at org.eclipse.jface.preference.PreferenceDialog$5.selectionChanged(PreferenceDialog.java:658)
	at org.eclipse.jface.viewers.StructuredViewer$3.run(StructuredViewer.java:818)
	at org.eclipse.core.runtime.SafeRunner.run(SafeRunner.java:45)
	at org.eclipse.ui.internal.JFaceUtil.lambda$0(JFaceUtil.java:47)
	at org.eclipse.jface.util.SafeRunnable.run(SafeRunnable.java:174)
	at org.eclipse.jface.viewers.StructuredViewer.firePostSelectionChanged(StructuredViewer.java:815)
	at org.eclipse.jface.viewers.StructuredViewer.handlePostSelect(StructuredViewer.java:1185)
	at org.eclipse.jface.viewers.StructuredViewer.lambda$0(StructuredViewer.java:1208)
	at org.eclipse.swt.events.SelectionListener$1.widgetSelected(SelectionListener.java:84)
	at org.eclipse.jface.util.OpenStrategy.firePostSelectionEvent(OpenStrategy.java:263)
	at org.eclipse.jface.util.OpenStrategy.access$5(OpenStrategy.java:258)
	at org.eclipse.jface.util.OpenStrategy$1.lambda$1(OpenStrategy.java:428)
	at org.eclipse.swt.widgets.RunnableLock.run(RunnableLock.java:40)
	at org.eclipse.swt.widgets.Synchronizer.runAsyncMessages(Synchronizer.java:185)
	at org.eclipse.swt.widgets.Display.runAsyncMessages(Display.java:3963)
	at org.eclipse.swt.widgets.Display.readAndDispatch(Display.java:3590)
	at org.eclipse.jface.window.Window.runEventLoop(Window.java:823)
	at org.eclipse.jface.window.Window.open(Window.java:799)
	at org.eclipse.ui.internal.OpenPreferencesAction.run(OpenPreferencesAction.java:66)
	at org.eclipse.jface.action.Action.runWithEvent(Action.java:474)
	at org.eclipse.jface.action.ActionContributionItem.handleWidgetSelection(ActionContributionItem.java:579)
	at org.eclipse.jface.action.ActionContributionItem.lambda$4(ActionContributionItem.java:413)
	at org.eclipse.swt.widgets.EventTable.sendEvent(EventTable.java:89)
	at org.eclipse.swt.widgets.Display.sendEvent(Display.java:4175)
	at org.eclipse.swt.widgets.Widget.sendEvent(Widget.java:1057)
	at org.eclipse.swt.widgets.Display.runDeferredEvents(Display.java:3988)
	at org.eclipse.swt.widgets.Display.readAndDispatch(Display.java:3587)
	at org.eclipse.e4.ui.internal.workbench.swt.PartRenderingEngine$5.run(PartRenderingEngine.java:1160)
	at org.eclipse.core.databinding.observable.Realm.runWithDefault(Realm.java:338)
	at org.eclipse.e4.ui.internal.workbench.swt.PartRenderingEngine.run(PartRenderingEngine.java:1049)
	at org.eclipse.e4.ui.internal.workbench.E4Workbench.createAndRunUI(E4Workbench.java:155)
	at org.eclipse.ui.internal.Workbench.lambda$3(Workbench.java:660)
	at org.eclipse.core.databinding.observable.Realm.runWithDefault(Realm.java:338)
	at org.eclipse.ui.internal.Workbench.createAndRunWorkbench(Workbench.java:559)
	at org.eclipse.ui.PlatformUI.createAndRunWorkbench(PlatformUI.java:154)
	at org.eclipse.ui.internal.ide.application.IDEApplication.start(IDEApplication.java:150)
	at org.eclipse.equinox.internal.app.EclipseAppHandle.run(EclipseAppHandle.java:203)
	at org.eclipse.core.runtime.internal.adaptor.EclipseAppLauncher.runApplication(EclipseAppLauncher.java:137)
	at org.eclipse.core.runtime.internal.adaptor.EclipseAppLauncher.start(EclipseAppLauncher.java:107)
	at org.eclipse.core.runtime.adaptor.EclipseStarter.run(EclipseStarter.java:401)
	at org.eclipse.core.runtime.adaptor.EclipseStarter.run(EclipseStarter.java:255)
	at sun.reflect.NativeMethodAccessorImpl.invoke0(Native Method)
	at sun.reflect.NativeMethodAccessorImpl.invoke(Unknown Source)
	at sun.reflect.DelegatingMethodAccessorImpl.invoke(Unknown Source)
	at java.lang.reflect.Method.invoke(Unknown Source)
	at org.eclipse.equinox.launcher.Main.invokeFramework(Main.java:657)
	at org.eclipse.equinox.launcher.Main.basicRun(Main.java:594)
	at org.eclipse.equinox.launcher.Main.run(Main.java:1465)
2020-04-09 20:57:35,660 193789 [           main] ERROR al.launch.MavenExternalRuntime  - Could not parse classwords configuration file
java.io.FileNotFoundException: C:\DataSource\apache-maven-3.6.3\bin\m2.conf (系統找不到指定的路徑。)
	at java.io.FileInputStream.open0(Native Method)
	at java.io.FileInputStream.open(Unknown Source)
	at java.io.FileInputStream.<init>(Unknown Source)
	at org.eclipse.m2e.core.internal.launch.MavenExternalRuntime.getVersion0(MavenExternalRuntime.java:233)
	at org.eclipse.m2e.core.internal.launch.MavenExternalRuntime.getVersion(MavenExternalRuntime.java:192)
	at org.eclipse.m2e.core.internal.launch.MavenExternalRuntime.toString(MavenExternalRuntime.java:161)
	at org.eclipse.m2e.core.ui.internal.preferences.launch.MavenInstallationsPreferencePage$RuntimesLabelProvider.getColumnText(MavenInstallationsPreferencePage.java:305)
	at org.eclipse.jface.viewers.TableColumnViewerLabelProvider.update(TableColumnViewerLabelProvider.java:69)
	at org.eclipse.jface.viewers.ViewerColumn.refresh(ViewerColumn.java:144)
	at org.eclipse.jface.viewers.AbstractTableViewer.doUpdateItem(AbstractTableViewer.java:396)
	at org.eclipse.jface.viewers.CheckboxTableViewer.doUpdateItem(CheckboxTableViewer.java:173)
	at org.eclipse.jface.viewers.StructuredViewer$UpdateItemSafeRunnable.run(StructuredViewer.java:422)
	at org.eclipse.core.runtime.SafeRunner.run(SafeRunner.java:45)
	at org.eclipse.ui.internal.JFaceUtil.lambda$0(JFaceUtil.java:47)
	at org.eclipse.jface.util.SafeRunnable.run(SafeRunnable.java:174)
	at org.eclipse.jface.viewers.StructuredViewer.updateItem(StructuredViewer.java:2102)
	at org.eclipse.jface.viewers.AbstractTableViewer.createItem(AbstractTableViewer.java:288)
	at org.eclipse.jface.viewers.AbstractTableViewer.internalRefreshAll(AbstractTableViewer.java:726)
	at org.eclipse.jface.viewers.AbstractTableViewer.internalRefresh(AbstractTableViewer.java:618)
	at org.eclipse.jface.viewers.AbstractTableViewer.internalRefresh(AbstractTableViewer.java:610)
	at org.eclipse.jface.viewers.AbstractTableViewer.lambda$0(AbstractTableViewer.java:572)
	at org.eclipse.jface.viewers.StructuredViewer.preservingSelection(StructuredViewer.java:1393)
	at org.eclipse.jface.viewers.StructuredViewer.preservingSelection(StructuredViewer.java:1354)
	at org.eclipse.jface.viewers.CheckboxTableViewer.preservingSelection(CheckboxTableViewer.java:343)
	at org.eclipse.jface.viewers.AbstractTableViewer.inputChanged(AbstractTableViewer.java:572)
	at org.eclipse.jface.viewers.ContentViewer.setInput(ContentViewer.java:282)
	at org.eclipse.jface.viewers.StructuredViewer.setInput(StructuredViewer.java:1627)
	at org.eclipse.m2e.core.ui.internal.preferences.launch.MavenInstallationsPreferencePage.createContents(MavenInstallationsPreferencePage.java:128)
	at org.eclipse.jface.preference.PreferencePage.createControl(PreferencePage.java:244)
	at org.eclipse.jface.preference.PreferenceDialog.createPageControl(PreferenceDialog.java:1430)
	at org.eclipse.jface.preference.PreferenceDialog$8.run(PreferenceDialog.java:1197)
	at org.eclipse.core.runtime.SafeRunner.run(SafeRunner.java:45)
	at org.eclipse.ui.internal.JFaceUtil.lambda$0(JFaceUtil.java:47)
	at org.eclipse.jface.util.SafeRunnable.run(SafeRunnable.java:174)
	at org.eclipse.jface.preference.PreferenceDialog.showPage(PreferenceDialog.java:1189)
	at org.eclipse.ui.internal.dialogs.FilteredPreferenceDialog.showPage(FilteredPreferenceDialog.java:630)
	at org.eclipse.jface.preference.PreferenceDialog$5.lambda$0(PreferenceDialog.java:661)
	at org.eclipse.swt.custom.BusyIndicator.showWhile(BusyIndicator.java:72)
	at org.eclipse.jface.preference.PreferenceDialog$5.selectionChanged(PreferenceDialog.java:658)
	at org.eclipse.jface.viewers.StructuredViewer$3.run(StructuredViewer.java:818)
	at org.eclipse.core.runtime.SafeRunner.run(SafeRunner.java:45)
	at org.eclipse.ui.internal.JFaceUtil.lambda$0(JFaceUtil.java:47)
	at org.eclipse.jface.util.SafeRunnable.run(SafeRunnable.java:174)
	at org.eclipse.jface.viewers.StructuredViewer.firePostSelectionChanged(StructuredViewer.java:815)
	at org.eclipse.jface.viewers.StructuredViewer.setSelection(StructuredViewer.java:1656)
	at org.eclipse.jface.viewers.TreeViewer.setSelection(TreeViewer.java:1084)
	at org.eclipse.jface.preference.PreferenceDialog.selectSavedItem(PreferenceDialog.java:991)
	at org.eclipse.ui.internal.dialogs.FilteredPreferenceDialog.selectSavedItem(FilteredPreferenceDialog.java:680)
	at org.eclipse.jface.preference.PreferenceDialog.lambda$0(PreferenceDialog.java:350)
	at org.eclipse.swt.custom.BusyIndicator.showWhile(BusyIndicator.java:72)
	at org.eclipse.jface.preference.PreferenceDialog.createContents(PreferenceDialog.java:347)
	at org.eclipse.jface.window.Window.create(Window.java:431)
	at org.eclipse.jface.dialogs.Dialog.create(Dialog.java:1094)
	at org.eclipse.ui.internal.dialogs.WorkbenchPreferenceDialog.createDialogOn(WorkbenchPreferenceDialog.java:96)
	at org.eclipse.ui.dialogs.PreferencesUtil.createPreferenceDialogOn(PreferencesUtil.java:181)
	at org.eclipse.ui.dialogs.PreferencesUtil.createPreferenceDialogOn(PreferencesUtil.java:115)
	at org.eclipse.ui.internal.OpenPreferencesAction.run(OpenPreferencesAction.java:65)
	at org.eclipse.jface.action.Action.runWithEvent(Action.java:474)
	at org.eclipse.jface.action.ActionContributionItem.handleWidgetSelection(ActionContributionItem.java:579)
	at org.eclipse.jface.action.ActionContributionItem.lambda$4(ActionContributionItem.java:413)
	at org.eclipse.swt.widgets.EventTable.sendEvent(EventTable.java:89)
	at org.eclipse.swt.widgets.Display.sendEvent(Display.java:4175)
	at org.eclipse.swt.widgets.Widget.sendEvent(Widget.java:1057)
	at org.eclipse.swt.widgets.Display.runDeferredEvents(Display.java:3988)
	at org.eclipse.swt.widgets.Display.readAndDispatch(Display.java:3587)
	at org.eclipse.e4.ui.internal.workbench.swt.PartRenderingEngine$5.run(PartRenderingEngine.java:1160)
	at org.eclipse.core.databinding.observable.Realm.runWithDefault(Realm.java:338)
	at org.eclipse.e4.ui.internal.workbench.swt.PartRenderingEngine.run(PartRenderingEngine.java:1049)
	at org.eclipse.e4.ui.internal.workbench.E4Workbench.createAndRunUI(E4Workbench.java:155)
	at org.eclipse.ui.internal.Workbench.lambda$3(Workbench.java:660)
	at org.eclipse.core.databinding.observable.Realm.runWithDefault(Realm.java:338)
	at org.eclipse.ui.internal.Workbench.createAndRunWorkbench(Workbench.java:559)
	at org.eclipse.ui.PlatformUI.createAndRunWorkbench(PlatformUI.java:154)
	at org.eclipse.ui.internal.ide.application.IDEApplication.start(IDEApplication.java:150)
	at org.eclipse.equinox.internal.app.EclipseAppHandle.run(EclipseAppHandle.java:203)
	at org.eclipse.core.runtime.internal.adaptor.EclipseAppLauncher.runApplication(EclipseAppLauncher.java:137)
	at org.eclipse.core.runtime.internal.adaptor.EclipseAppLauncher.start(EclipseAppLauncher.java:107)
	at org.eclipse.core.runtime.adaptor.EclipseStarter.run(EclipseStarter.java:401)
	at org.eclipse.core.runtime.adaptor.EclipseStarter.run(EclipseStarter.java:255)
	at sun.reflect.NativeMethodAccessorImpl.invoke0(Native Method)
	at sun.reflect.NativeMethodAccessorImpl.invoke(Unknown Source)
	at sun.reflect.DelegatingMethodAccessorImpl.invoke(Unknown Source)
	at java.lang.reflect.Method.invoke(Unknown Source)
	at org.eclipse.equinox.launcher.Main.invokeFramework(Main.java:657)
	at org.eclipse.equinox.launcher.Main.basicRun(Main.java:594)
	at org.eclipse.equinox.launcher.Main.run(Main.java:1465)
2020-04-09 21:02:34,865 856    [ker-3: Building] WARN  nternal.embedder.EclipseLogger  - Using platform encoding (MS950 actually) to copy filtered resources, i.e. build is platform dependent!
2020-04-09 21:02:34,915 906    [ker-3: Building] WARN  nternal.embedder.EclipseLogger  - Using platform encoding (MS950 actually) to copy filtered resources, i.e. build is platform dependent!
2020-04-09 21:05:51,225 197216 [ker-6: Building] WARN  nternal.embedder.EclipseLogger  - Using platform encoding (MS950 actually) to copy filtered resources, i.e. build is platform dependent!
2020-04-09 21:05:51,236 197227 [ker-6: Building] WARN  nternal.embedder.EclipseLogger  - Using platform encoding (MS950 actually) to copy filtered resources, i.e. build is platform dependent!
2020-04-09 21:05:51,466 197457 [ker-6: Building] WARN  nternal.embedder.EclipseLogger  - The POM for org.apache.maven.plugins:maven-clean-plugin:jar:2.5 is missing, no dependency information available
2020-04-09 21:05:51,473 197464 [ker-6: Building] WARN  nternal.embedder.EclipseLogger  - Using platform encoding (MS950 actually) to copy filtered resources, i.e. build is platform dependent!
2020-04-09 21:05:56,570 202561 [er-18: Building] WARN  nternal.embedder.EclipseLogger  - Using platform encoding (MS950 actually) to copy filtered resources, i.e. build is platform dependent!
2020-04-09 21:05:56,572 202563 [er-18: Building] WARN  nternal.embedder.EclipseLogger  - Using platform encoding (MS950 actually) to copy filtered resources, i.e. build is platform dependent!
2020-04-09 21:08:05,883 331874 [er-21: Building] WARN  nternal.embedder.EclipseLogger  - Using platform encoding (MS950 actually) to copy filtered resources, i.e. build is platform dependent!
2020-04-09 21:08:05,885 331876 [er-21: Building] WARN  nternal.embedder.EclipseLogger  - Using platform encoding (MS950 actually) to copy filtered resources, i.e. build is platform dependent!
2020-04-09 21:12:36,986 602977 [er-22: Building] WARN  nternal.embedder.EclipseLogger  - Using platform encoding (MS950 actually) to copy filtered resources, i.e. build is platform dependent!
2020-04-09 21:12:36,990 602981 [er-22: Building] WARN  nternal.embedder.EclipseLogger  - Using platform encoding (MS950 actually) to copy filtered resources, i.e. build is platform dependent!
2020-04-09 21:15:00,009 746000 [er-20: Building] WARN  nternal.embedder.EclipseLogger  - Using platform encoding (MS950 actually) to copy filtered resources, i.e. build is platform dependent!
2020-04-09 21:15:00,011 746002 [er-20: Building] WARN  nternal.embedder.EclipseLogger  - Using platform encoding (MS950 actually) to copy filtered resources, i.e. build is platform dependent!
2020-04-09 21:15:13,620 759611 [er-34: Building] WARN  nternal.embedder.EclipseLogger  - Using platform encoding (MS950 actually) to copy filtered resources, i.e. build is platform dependent!
2020-04-09 21:15:13,621 759612 [er-34: Building] WARN  nternal.embedder.EclipseLogger  - Using platform encoding (MS950 actually) to copy filtered resources, i.e. build is platform dependent!
2020-04-09 21:19:00,703 986694 [er-38: Building] WARN  nternal.embedder.EclipseLogger  - Using platform encoding (MS950 actually) to copy filtered resources, i.e. build is platform dependent!
2020-04-09 21:19:00,704 986695 [er-38: Building] WARN  nternal.embedder.EclipseLogger  - Using platform encoding (MS950 actually) to copy filtered resources, i.e. build is platform dependent!
2020-04-09 21:25:19,425 1365416 [er-45: Building] WARN  nternal.embedder.EclipseLogger  - Using platform encoding (MS950 actually) to copy filtered resources, i.e. build is platform dependent!
2020-04-09 21:25:19,427 1365418 [er-45: Building] WARN  nternal.embedder.EclipseLogger  - Using platform encoding (MS950 actually) to copy filtered resources, i.e. build is platform dependent!
2020-04-09 21:25:22,919 1368910 [er-45: Building] WARN  nternal.embedder.EclipseLogger  - Using platform encoding (MS950 actually) to copy filtered resources, i.e. build is platform dependent!
2020-04-09 21:25:22,920 1368911 [er-45: Building] WARN  nternal.embedder.EclipseLogger  - Using platform encoding (MS950 actually) to copy filtered resources, i.e. build is platform dependent!
2020-04-09 21:28:25,041 0      [ker-5: Building] WARN  nternal.embedder.EclipseLogger  - Using platform encoding (MS950 actually) to copy filtered resources, i.e. build is platform dependent!
2020-04-09 21:28:25,074 33     [ker-5: Building] WARN  nternal.embedder.EclipseLogger  - Using platform encoding (MS950 actually) to copy filtered resources, i.e. build is platform dependent!
2020-04-09 21:33:08,942 283901 [er-19: Building] WARN  nternal.embedder.EclipseLogger  - Using platform encoding (MS950 actually) to copy filtered resources, i.e. build is platform dependent!
2020-04-09 21:33:08,950 283909 [er-19: Building] WARN  nternal.embedder.EclipseLogger  - Using platform encoding (MS950 actually) to copy filtered resources, i.e. build is platform dependent!
2020-04-09 21:33:21,406 296365 [er-18: Building] WARN  nternal.embedder.EclipseLogger  - Using platform encoding (MS950 actually) to copy filtered resources, i.e. build is platform dependent!
2020-04-09 21:33:21,408 296367 [er-18: Building] WARN  nternal.embedder.EclipseLogger  - Using platform encoding (MS950 actually) to copy filtered resources, i.e. build is platform dependent!
2020-04-09 21:34:13,917 348876 [er-24: Building] WARN  nternal.embedder.EclipseLogger  - Using platform encoding (MS950 actually) to copy filtered resources, i.e. build is platform dependent!
2020-04-09 21:34:13,921 348880 [er-24: Building] WARN  nternal.embedder.EclipseLogger  - Using platform encoding (MS950 actually) to copy filtered resources, i.e. build is platform dependent!
2020-04-09 21:34:15,150 350109 [er-18: Building] WARN  nternal.embedder.EclipseLogger  - Using platform encoding (MS950 actually) to copy filtered resources, i.e. build is platform dependent!
2020-04-09 21:34:15,151 350110 [er-18: Building] WARN  nternal.embedder.EclipseLogger  - Using platform encoding (MS950 actually) to copy filtered resources, i.e. build is platform dependent!
2020-04-09 22:13:46,480 2721439 [er-32: Building] WARN  nternal.embedder.EclipseLogger  - Using platform encoding (MS950 actually) to copy filtered resources, i.e. build is platform dependent!
2020-04-09 22:13:46,482 2721441 [er-32: Building] WARN  nternal.embedder.EclipseLogger  - Using platform encoding (MS950 actually) to copy filtered resources, i.e. build is platform dependent!
2020-04-09 22:17:50,140 2965099 [er-33: Building] WARN  nternal.embedder.EclipseLogger  - Using platform encoding (MS950 actually) to copy filtered resources, i.e. build is platform dependent!
2020-04-09 22:17:50,142 2965101 [er-33: Building] WARN  nternal.embedder.EclipseLogger  - Using platform encoding (MS950 actually) to copy filtered resources, i.e. build is platform dependent!
